# JRE version: OpenJDK Runtime Environment (16.0.1+9) (build 16.0.1+9-24)
# Java VM: OpenJDK 64-Bit Server VM (16.0.1+9-24, mixed mode, sharing, tiered, compressed oops, compressed class ptrs, g1 gc, windows-amd64)
GC Precious Log:
 CPUs: 12 total, 12 available
 Memory: 8038M
 Large Page Support: Disabled
 NUMA Support: Disabled
 Compressed Oops: Enabled (32-bit)
 Heap Region Size: 1M
 Heap Min Capacity: 8M
 Heap Initial Capacity: 126M
 Heap Max Capacity: 2010M
 Pre-touch: Disabled
 Parallel Workers: 10
 Concurrent Workers: 3
 Concurrent Refinement Workers: 10
 Periodic GC: Disabled
Heap:
 garbage-first heap   total 188416K, used 120044K [0x0000000082600000, 0x0000000100000000)
  region size 1024K, 2 young (2048K), 2 survivors (2048K)
 Metaspace       used 878K, committed 1024K, reserved 1056768K
  class space    used 61K, committed 128K, reserved 1048576K
GC Heap History (8 events):
Event: 0.391 GC heap before
{Heap before GC invocations=0 (full 0):
 garbage-first heap   total 129024K, used 48128K [0x0000000082600000, 0x0000000100000000)
  region size 1024K, 23 young (23552K), 0 survivors (0K)
 Metaspace       used 873K, committed 1024K, reserved 1056768K
  class space    used 61K, committed 128K, reserved 1048576K
}
Event: 0.392 GC heap after
{Heap after GC invocations=1 (full 0):
 garbage-first heap   total 129024K, used 13475K [0x0000000082600000, 0x0000000100000000)
  region size 1024K, 2 young (2048K), 2 survivors (2048K)
 Metaspace       used 873K, committed 1024K, reserved 1056768K
  class space    used 61K, committed 128K, reserved 1048576K
}
Event: 0.487 GC heap before
{Heap before GC invocations=1 (full 0):
 garbage-first heap   total 129024K, used 58531K [0x0000000082600000, 0x0000000100000000)
  region size 1024K, 24 young (24576K), 2 survivors (2048K)
 Metaspace       used 878K, committed 1024K, reserved 1056768K
  class space    used 61K, committed 128K, reserved 1048576K
}
Event: 0.489 GC heap after
{Heap after GC invocations=2 (full 0):
 garbage-first heap   total 129024K, used 24796K [0x0000000082600000, 0x0000000100000000)
  region size 1024K, 2 young (2048K), 2 survivors (2048K)
 Metaspace       used 878K, committed 1024K, reserved 1056768K
  class space    used 61K, committed 128K, reserved 1048576K
}
Event: 0.836 GC heap before
{Heap before GC invocations=2 (full 0):
 garbage-first heap   total 129024K, used 112860K [0x0000000082600000, 0x0000000100000000)
  region size 1024K, 43 young (44032K), 2 survivors (2048K)
 Metaspace       used 878K, committed 1024K, reserved 1056768K
  class space    used 61K, committed 128K, reserved 1048576K
}
Event: 0.838 GC heap after
{Heap after GC invocations=3 (full 0):
 garbage-first heap   total 129024K, used 48394K [0x0000000082600000, 0x0000000100000000)
  region size 1024K, 2 young (2048K), 2 survivors (2048K)
 Metaspace       used 878K, committed 1024K, reserved 1056768K
  class space    used 61K, committed 128K, reserved 1048576K
}
Event: 0.944 GC heap before
{Heap before GC invocations=3 (full 0):
 garbage-first heap   total 188416K, used 148746K [0x0000000082600000, 0x0000000100000000)
  region size 1024K, 10 young (10240K), 2 survivors (2048K)
 Metaspace       used 878K, committed 1024K, reserved 1056768K
  class space    used 61K, committed 128K, reserved 1048576K
}
Event: 0.945 GC heap after
{Heap after GC invocations=4 (full 0):
 garbage-first heap   total 188416K, used 94444K [0x0000000082600000, 0x0000000100000000)
  region size 1024K, 2 young (2048K), 2 survivors (2048K)
 Metaspace       used 878K, committed 1024K, reserved 1056768K
  class space    used 61K, committed 128K, reserved 1048576K
}

